<?xml version="1.0" encoding="UTF-8"?>
<!-- Generated by org.testng.reporters.JUnitXMLReporter -->
<testsuite ignored="0" hostname="anirudh-vivobook" failures="0" tests="6" name="Default test" time="16.096" errors="0" timestamp="2023-12-08T15:48:12 IST">
  <testcase classname="api.test.DDTests" name="testPostuser" time="6.713"/>
  <testcase classname="api.test.DDTests" name="testPostuser" time="1.243"/>
  <testcase classname="api.test.DDTests" name="testPostuser" time="1.177"/>
  <testcase classname="api.test.DDTests" name="testDeleteUserByName" time="1.202"/>
  <testcase classname="api.test.DDTests" name="testDeleteUserByName" time="1.222"/>
  <testcase classname="api.test.DDTests" name="testDeleteUserByName" time="1.207"/>
</testsuite> <!-- Default test -->
