<?xml version="1.0" encoding="UTF-8"?>
<testng-results ignored="0" total="4" passed="4" failed="0" skipped="0">
  <reporter-output>
  </reporter-output>
  <suite started-at="2023-12-09T14:29:15 IST" name="PetSuite" finished-at="2023-12-09T14:29:28 IST" duration-ms="13120">
    <groups>
    </groups>
    <test started-at="2023-12-09T14:29:15 IST" name="petTests" finished-at="2023-12-09T14:29:28 IST" duration-ms="13120">
      <class name="api.test.userTests">
        <test-method is-config="true" signature="setup()[pri:0, instance:api.test.userTests@6221a451]" started-at="2023-12-09T14:29:16 IST" name="setup" finished-at="2023-12-09T14:29:18 IST" duration-ms="1984" status="PASS">
          <reporter-output>
          </reporter-output>
        </test-method> <!-- setup -->
        <test-method signature="testPostuser()[pri:1, instance:api.test.userTests@6221a451]" started-at="2023-12-09T14:29:18 IST" name="testPostuser" finished-at="2023-12-09T14:29:23 IST" duration-ms="5290" status="PASS">
          <reporter-output>
          </reporter-output>
        </test-method> <!-- testPostuser -->
        <test-method signature="testGetuser()[pri:2, instance:api.test.userTests@6221a451]" started-at="2023-12-09T14:29:23 IST" name="testGetuser" finished-at="2023-12-09T14:29:24 IST" duration-ms="1250" status="PASS">
          <reporter-output>
          </reporter-output>
        </test-method> <!-- testGetuser -->
        <test-method signature="testUpdateuser()[pri:3, instance:api.test.userTests@6221a451]" started-at="2023-12-09T14:29:24 IST" name="testUpdateuser" finished-at="2023-12-09T14:29:27 IST" duration-ms="2599" status="PASS">
          <reporter-output>
          </reporter-output>
        </test-method> <!-- testUpdateuser -->
        <test-method signature="testDeluser()[pri:4, instance:api.test.userTests@6221a451]" started-at="2023-12-09T14:29:27 IST" name="testDeluser" finished-at="2023-12-09T14:29:28 IST" duration-ms="1200" status="PASS">
          <reporter-output>
          </reporter-output>
        </test-method> <!-- testDeluser -->
      </class> <!-- api.test.userTests -->
    </test> <!-- petTests -->
  </suite> <!-- PetSuite -->
</testng-results>
