<?xml version="1.0" encoding="UTF-8"?>
<testng-results ignored="0" total="4" passed="4" failed="0" skipped="0">
  <reporter-output>
  </reporter-output>
  <suite started-at="2023-12-08T20:28:03 IST" name="PetSuite" finished-at="2023-12-08T20:28:18 IST" duration-ms="15021">
    <groups>
    </groups>
    <test started-at="2023-12-08T20:28:03 IST" name="petTests" finished-at="2023-12-08T20:28:18 IST" duration-ms="15021">
      <class name="api.test.userTests">
        <test-method is-config="true" signature="setup()[pri:0, instance:api.test.userTests@4f83df68]" started-at="2023-12-08T20:28:04 IST" name="setup" finished-at="2023-12-08T20:28:06 IST" duration-ms="2134" status="PASS">
          <reporter-output>
          </reporter-output>
        </test-method> <!-- setup -->
        <test-method signature="testPostuser()[pri:1, instance:api.test.userTests@4f83df68]" started-at="2023-12-08T20:28:06 IST" name="testPostuser" finished-at="2023-12-08T20:28:12 IST" duration-ms="6378" status="PASS">
          <reporter-output>
          </reporter-output>
        </test-method> <!-- testPostuser -->
        <test-method signature="testGetuser()[pri:2, instance:api.test.userTests@4f83df68]" started-at="2023-12-08T20:28:12 IST" name="testGetuser" finished-at="2023-12-08T20:28:14 IST" duration-ms="1600" status="PASS">
          <reporter-output>
          </reporter-output>
        </test-method> <!-- testGetuser -->
        <test-method signature="testUpdateuser()[pri:3, instance:api.test.userTests@4f83df68]" started-at="2023-12-08T20:28:14 IST" name="testUpdateuser" finished-at="2023-12-08T20:28:16 IST" duration-ms="2331" status="PASS">
          <reporter-output>
          </reporter-output>
        </test-method> <!-- testUpdateuser -->
        <test-method signature="testDeluser()[pri:4, instance:api.test.userTests@4f83df68]" started-at="2023-12-08T20:28:16 IST" name="testDeluser" finished-at="2023-12-08T20:28:18 IST" duration-ms="1216" status="PASS">
          <reporter-output>
          </reporter-output>
        </test-method> <!-- testDeluser -->
      </class> <!-- api.test.userTests -->
    </test> <!-- petTests -->
  </suite> <!-- PetSuite -->
</testng-results>
