<?xml version="1.0" encoding="UTF-8"?>
<!-- Generated by org.testng.reporters.JUnitXMLReporter -->
<testsuite ignored="0" hostname="anirudh-vivobook" failures="0" tests="4" name="petTests" time="13.12" errors="0" timestamp="2023-12-09T14:29:29 IST">
  <testcase classname="api.test.userTests" name="testPostuser" time="5.29"/>
  <testcase classname="api.test.userTests" name="testGetuser" time="1.25"/>
  <testcase classname="api.test.userTests" name="testUpdateuser" time="2.599"/>
  <testcase classname="api.test.userTests" name="testDeluser" time="1.2"/>
</testsuite> <!-- petTests -->
