<?xml version="1.0" encoding="UTF-8"?>
<!-- Generated by org.testng.reporters.JUnitXMLReporter -->
<testsuite ignored="0" hostname="anirudh-vivobook" failures="0" tests="4" name="petTests" time="15.021" errors="0" timestamp="2023-12-08T20:28:18 IST">
  <testcase classname="api.test.userTests" name="testPostuser" time="6.378"/>
  <testcase classname="api.test.userTests" name="testGetuser" time="1.6"/>
  <testcase classname="api.test.userTests" name="testUpdateuser" time="2.331"/>
  <testcase classname="api.test.userTests" name="testDeluser" time="1.216"/>
</testsuite> <!-- petTests -->
